Using pre-set license
Built from '2020.3/staging' branch; Version is '2020.3.6f1 (338bb68529b2) revision 3378102'; Using compiler version '192528614'; Build Type 'Release'
OS: 'Windows 10 Home; OS build 19042.1415; Version 2009; 64bit' Language: 'en' Physical Memory: 7549 MB
BatchMode: 1, IsHumanControllingUs: 0, StartBugReporterOnCrash: 0, Is64bit: 1, IsPro: 0

 COMMAND LINE ARGUMENTS:
C:\Program Files\Unity\Editor\Unity.exe
-adb2
-batchMode
-noUpm
-name
AssetImportWorker0
-projectPath
C:/Users/caj52/OneDrive/Desktop/DEVUTIL/Work/Portfolio/Top-Down-Cloud-Shadows-Shader-Unity
-logFile
Logs/AssetImportWorker0.log
-srvPort
65149
Successfully changed project path to: C:/Users/caj52/OneDrive/Desktop/DEVUTIL/Work/Portfolio/Top-Down-Cloud-Shadows-Shader-Unity
C:/Users/caj52/OneDrive/Desktop/DEVUTIL/Work/Portfolio/Top-Down-Cloud-Shadows-Shader-Unity
Using Asset Import Pipeline V2.
Refreshing native plugins compatible for Editor in 35.82 ms, found 1 plugins.
Preloading 0 native plugins for Editor in 0.00 ms.
Initialize engine version: 2020.3.6f1 (338bb68529b2)
[Subsystems] Discovering subsystems at path C:/Program Files/Unity/Editor/Data/Resources/UnitySubsystems
[Subsystems] Discovering subsystems at path C:/Users/caj52/OneDrive/Desktop/DEVUTIL/Work/Portfolio/Top-Down-Cloud-Shadows-Shader-Unity/Assets
GfxDevice: creating device client; threaded=0
Direct3D:
    Version:  Direct3D 11.0 [level 11.1]
    Renderer: NVIDIA GeForce GTX 1650 (ID=0x1f99)
    Vendor:   
    VRAM:     3962 MB
    Driver:   27.21.14.5167
Initialize mono
Mono path[0] = 'C:/Program Files/Unity/Editor/Data/Managed'
Mono path[1] = 'C:/Program Files/Unity/Editor/Data/MonoBleedingEdge/lib/mono/unityjit'
Mono config path = 'C:/Program Files/Unity/Editor/Data/MonoBleedingEdge/etc'
Using monoOptions --debugger-agent=transport=dt_socket,embedding=1,server=y,suspend=n,address=127.0.0.1:56404
Begin MonoManager ReloadAssembly
Registering precompiled unity dll's ...
Register platform support module: C:/Program Files/Unity/Editor/Data/PlaybackEngines/WindowsStandaloneSupport/UnityEditor.WindowsStandalone.Extensions.dll
Registered in 0.002067 seconds.
Native extension for WindowsStandalone target not found
Refreshing native plugins compatible for Editor in 34.06 ms, found 1 plugins.
Preloading 0 native plugins for Editor in 0.00 ms.
Mono: successfully reloaded assembly
- Completed reload, in  1.105 seconds
Platform modules already initialized, skipping
Registering precompiled user dll's ...
Registered in 0.001046 seconds.
Begin MonoManager ReloadAssembly
Native extension for WindowsStandalone target not found
Refreshing native plugins compatible for Editor in 36.39 ms, found 1 plugins.
Preloading 0 native plugins for Editor in 0.00 ms.
Mono: successfully reloaded assembly
- Completed reload, in  1.080 seconds
Platform modules already initialized, skipping
========================================================================
Worker process is ready to serve import requests
Launched and connected shader compiler UnityShaderCompiler.exe after 0.05 seconds
Refreshing native plugins compatible for Editor in 0.59 ms, found 1 plugins.
Preloading 0 native plugins for Editor in 0.00 ms.
Unloading 1810 Unused Serialized files (Serialized files now loaded: 0)
System memory in use before: 86.3 MB.
System memory in use after: 86.4 MB.

Unloading 20 unused Assets to reduce memory usage. Loaded Objects now: 2257.
Total: 2.399400 ms (FindLiveObjects: 0.404300 ms CreateObjectMapping: 0.049800 ms MarkObjects: 1.853300 ms  DeleteObjects: 0.088900 ms)

========================================================================
Received Import Request.
  path: Assets/seamlessNoise.png
  artifactKey: Guid(d74bd33d1cff7dd4981c2dc6642774e1) Importer(815301076,1909f56bfc062723c751e8b465ee728b)
Start importing Assets/seamlessNoise.png using Guid(d74bd33d1cff7dd4981c2dc6642774e1) Importer(815301076,1909f56bfc062723c751e8b465ee728b)  -> (artifact id: '497d11149b08b30d0150f733aa7fca82') in 0.110033 seconds
  Import took 0.113166 seconds .

========================================================================
Received Import Request.
  Time since last request: 0.000621 seconds.
  path: Assets/CloudShadows.mat
  artifactKey: Guid(fcb7d1864fef1eb43832777c7cce6c86) Importer(815301076,1909f56bfc062723c751e8b465ee728b)
Start importing Assets/CloudShadows.mat using Guid(fcb7d1864fef1eb43832777c7cce6c86) Importer(815301076,1909f56bfc062723c751e8b465ee728b)  -> (artifact id: '6379f1eb3ea40292c599367e171db1a6') in 0.129051 seconds
  Import took 0.132210 seconds .

AssetImportWorkerClient::OnTransportError - code=2 error=End of file
